mode: set
github.com/ONSdigital/dp-search-api/transformer/transformer.go:145.25,150.2 2 1
github.com/ONSdigital/dp-search-api/transformer/transformer.go:153.135,157.16 3 1
github.com/ONSdigital/dp-search-api/transformer/transformer.go:161.2,161.31 1 1
github.com/ONSdigital/dp-search-api/transformer/transformer.go:165.2,167.19 2 1
github.com/ONSdigital/dp-search-api/transformer/transformer.go:172.2,173.16 2 1
github.com/ONSdigital/dp-search-api/transformer/transformer.go:176.2,176.29 1 1
github.com/ONSdigital/dp-search-api/transformer/transformer.go:157.16,159.3 1 1
github.com/ONSdigital/dp-search-api/transformer/transformer.go:161.31,163.3 1 1
github.com/ONSdigital/dp-search-api/transformer/transformer.go:167.19,170.3 2 1
github.com/ONSdigital/dp-search-api/transformer/transformer.go:173.16,175.3 1 0
github.com/ONSdigital/dp-search-api/transformer/transformer.go:179.84,186.44 3 1
github.com/ONSdigital/dp-search-api/transformer/transformer.go:200.2,201.11 2 1
github.com/ONSdigital/dp-search-api/transformer/transformer.go:186.44,187.42 1 1
github.com/ONSdigital/dp-search-api/transformer/transformer.go:190.3,190.66 1 1
github.com/ONSdigital/dp-search-api/transformer/transformer.go:193.3,193.58 1 1
github.com/ONSdigital/dp-search-api/transformer/transformer.go:198.3,198.24 1 1
github.com/ONSdigital/dp-search-api/transformer/transformer.go:187.42,189.4 1 1
github.com/ONSdigital/dp-search-api/transformer/transformer.go:190.66,192.4 1 1
github.com/ONSdigital/dp-search-api/transformer/transformer.go:193.58,194.43 1 1
github.com/ONSdigital/dp-search-api/transformer/transformer.go:194.43,196.5 1 1
github.com/ONSdigital/dp-search-api/transformer/transformer.go:204.87,212.2 2 1
github.com/ONSdigital/dp-search-api/transformer/transformer.go:214.87,238.2 3 1
github.com/ONSdigital/dp-search-api/transformer/transformer.go:240.90,242.44 2 1
github.com/ONSdigital/dp-search-api/transformer/transformer.go:245.2,245.17 1 1
github.com/ONSdigital/dp-search-api/transformer/transformer.go:242.44,244.3 1 1
github.com/ONSdigital/dp-search-api/transformer/transformer.go:248.106,249.24 1 1
github.com/ONSdigital/dp-search-api/transformer/transformer.go:252.2,253.32 2 1
github.com/ONSdigital/dp-search-api/transformer/transformer.go:263.2,263.18 1 1
github.com/ONSdigital/dp-search-api/transformer/transformer.go:249.24,251.3 1 1
github.com/ONSdigital/dp-search-api/transformer/transformer.go:253.32,254.30 1 1
github.com/ONSdigital/dp-search-api/transformer/transformer.go:254.30,256.37 2 1
github.com/ONSdigital/dp-search-api/transformer/transformer.go:256.37,257.31 1 1
github.com/ONSdigital/dp-search-api/transformer/transformer.go:257.31,259.6 1 1
github.com/ONSdigital/dp-search-api/transformer/transformer.go:266.53,271.2 1 1
github.com/ONSdigital/dp-search-api/transformer/transformer.go:273.59,277.63 3 1
github.com/ONSdigital/dp-search-api/transformer/transformer.go:280.2,280.19 1 1
github.com/ONSdigital/dp-search-api/transformer/transformer.go:277.63,279.3 1 1
